Arguments: 
  /data/data/com.termux/files/usr/bin/node /data/data/com.termux/files/usr/share/yarn/bin/yarn.js add init-package-json

PATH: 
  /data/data/com.termux/files/home/.n/bin:/data/data/com.termux/files/home/.pub-cache/bin:/data/data/com.termux/files/usr/bin:/data/data/com.termux/files/usr/bin/applets

Yarn version: 
  1.22.19

Node version: 
  18.10.0

Platform: 
  android arm

Trace: 
  Error: EPERM: operation not permitted, symlink '../../../../webpack/bin/webpack.js' -> '/storage/emulated/0/base/myreactup/node_modules/@webpack-cli/configtest/node_modules/.bin/webpack'

npm manifest: 
  {
    "name": "react-webpack",
    "version": "1.0.0",
    "description": "",
    "main": "src/index.js",
    "scripts": {
      "build": "webpack --mode production",
      "start": "webpack serve --mode development"
    },
    "keywords": [],
    "author": "spelsinx",
    "license": "MIT",
    "devDependencies": {
      "html-webpack-plugin": "^5.5.0",
      "webpack": "^5.75.0",
      "webpack-cli": "^4.10.0",
      "webpack-dev-server": "^4.11.1"
    }
  }

yarn manifest: 
  No manifest

Lockfile: 
  No lockfile
